<?xml version="1.0" encoding="UTF-8"?>
<testng-results ignored="0" total="6" passed="5" failed="1" skipped="0">
  <reporter-output>
  </reporter-output>
  <suite started-at="2022-09-24T16:47:27Z" name="Suite" finished-at="2022-09-24T16:50:36Z" duration-ms="188712">
    <groups>
      <group name="cucumber">
        <method signature="AbstractTestNGCucumberTests.runScenario(io.cucumber.testng.PickleWrapper, io.cucumber.testng.FeatureWrapper)[pri:0, instance:runner.TestNGRunner@57bc27f5]" name="runScenario" class="io.cucumber.testng.AbstractTestNGCucumberTests"/>
      </group> <!-- cucumber -->
    </groups>
    <test started-at="2022-09-24T16:47:27Z" name="Test" finished-at="2022-09-24T16:50:36Z" duration-ms="188712">
      <class name="runner.TestNGRunner">
        <test-method is-config="true" signature="setUpClass(org.testng.ITestContext)[pri:0, instance:runner.TestNGRunner@57bc27f5]" started-at="2022-09-24T16:47:27Z" name="setUpClass" finished-at="2022-09-24T16:47:28Z" duration-ms="714" status="PASS">
          <params>
            <param index="0">
              <value>
                <![CDATA[org.testng.TestRunner@1600a8a2]]>
              </value>
            </param>
          </params>
          <reporter-output>
          </reporter-output>
        </test-method> <!-- setUpClass -->
        <test-method signature="runScenario(io.cucumber.testng.PickleWrapper, io.cucumber.testng.FeatureWrapper)[pri:0, instance:runner.TestNGRunner@57bc27f5]" started-at="2022-09-24T16:47:28Z" name="runScenario" description="Runs Cucumber Scenarios" data-provider="scenarios" finished-at="2022-09-24T16:48:22Z" duration-ms="54016" status="FAIL">
          <params>
            <param index="0">
              <value>
                <![CDATA["check Deposite Logo"]]>
              </value>
            </param>
            <param index="1">
              <value>
                <![CDATA["test dashboard"]]>
              </value>
            </param>
          </params>
          <exception class="java.lang.NullPointerException">
            <message>
              <![CDATA[Cannot invoke "org.openqa.selenium.SearchContext.findElement(org.openqa.selenium.By)" because "this.searchContext" is null]]>
            </message>
            <full-stacktrace>
              <![CDATA[java.lang.NullPointerException: Cannot invoke "org.openqa.selenium.SearchContext.findElement(org.openqa.selenium.By)" because "this.searchContext" is null
at org.openqa.selenium.support.pagefactory.DefaultElementLocator.findElement(DefaultElementLocator.java:70)
at org.openqa.selenium.support.pagefactory.internal.LocatingElementHandler.invoke(LocatingElementHandler.java:39)
at jdk.proxy2/jdk.proxy2.$Proxy25.isDisplayed(Unknown Source)
at stepDef.DashboardDepositeDef.user_verify_deposite_logo(DashboardDepositeDef.java:33)
at ✽.user verify deposite logo(file:///C:/Users/Harshal/eclipse-workspace-new/BDDTestNG/src/test/resources/features/Dashboard.feature:7)
]]>
            </full-stacktrace>
          </exception> <!-- java.lang.NullPointerException -->
          <reporter-output>
          </reporter-output>
        </test-method> <!-- runScenario -->
        <test-method signature="runScenario(io.cucumber.testng.PickleWrapper, io.cucumber.testng.FeatureWrapper)[pri:0, instance:runner.TestNGRunner@57bc27f5]" started-at="2022-09-24T16:48:22Z" name="runScenario" description="Runs Cucumber Scenarios" data-provider="scenarios" finished-at="2022-09-24T16:48:38Z" duration-ms="16354" status="PASS">
          <params>
            <param index="0">
              <value>
                <![CDATA["login to WebPage"]]>
              </value>
            </param>
            <param index="1">
              <value>
                <![CDATA["login to the DashBoard"]]>
              </value>
            </param>
          </params>
          <reporter-output>
          </reporter-output>
        </test-method> <!-- runScenario -->
        <test-method signature="runScenario(io.cucumber.testng.PickleWrapper, io.cucumber.testng.FeatureWrapper)[pri:0, instance:runner.TestNGRunner@57bc27f5]" started-at="2022-09-24T16:48:38Z" name="runScenario" description="Runs Cucumber Scenarios" data-provider="scenarios" finished-at="2022-09-24T16:49:20Z" duration-ms="41720" status="PASS">
          <params>
            <param index="0">
              <value>
                <![CDATA["verify login"]]>
              </value>
            </param>
            <param index="1">
              <value>
                <![CDATA["login to the DashBoard"]]>
              </value>
            </param>
          </params>
          <reporter-output>
          </reporter-output>
        </test-method> <!-- runScenario -->
        <test-method signature="runScenario(io.cucumber.testng.PickleWrapper, io.cucumber.testng.FeatureWrapper)[pri:0, instance:runner.TestNGRunner@57bc27f5]" started-at="2022-09-24T16:49:20Z" name="runScenario" description="Runs Cucumber Scenarios" data-provider="scenarios" finished-at="2022-09-24T16:49:44Z" duration-ms="23707" status="PASS">
          <params>
            <param index="0">
              <value>
                <![CDATA["check faq working"]]>
              </value>
            </param>
            <param index="1">
              <value>
                <![CDATA["check functioning of homepage"]]>
              </value>
            </param>
          </params>
          <reporter-output>
          </reporter-output>
        </test-method> <!-- runScenario -->
        <test-method signature="runScenario(io.cucumber.testng.PickleWrapper, io.cucumber.testng.FeatureWrapper)[pri:0, instance:runner.TestNGRunner@57bc27f5]" started-at="2022-09-24T16:49:44Z" name="runScenario" description="Runs Cucumber Scenarios" data-provider="scenarios" finished-at="2022-09-24T16:50:10Z" duration-ms="26495" status="PASS">
          <params>
            <param index="0">
              <value>
                <![CDATA["check login functionality"]]>
              </value>
            </param>
            <param index="1">
              <value>
                <![CDATA["home Page test case"]]>
              </value>
            </param>
          </params>
          <reporter-output>
          </reporter-output>
        </test-method> <!-- runScenario -->
        <test-method signature="runScenario(io.cucumber.testng.PickleWrapper, io.cucumber.testng.FeatureWrapper)[pri:0, instance:runner.TestNGRunner@57bc27f5]" started-at="2022-09-24T16:50:10Z" name="runScenario" description="Runs Cucumber Scenarios" data-provider="scenarios" finished-at="2022-09-24T16:50:36Z" duration-ms="25613" status="PASS">
          <params>
            <param index="0">
              <value>
                <![CDATA["check login functionality"]]>
              </value>
            </param>
            <param index="1">
              <value>
                <![CDATA["home Page test case"]]>
              </value>
            </param>
          </params>
          <reporter-output>
          </reporter-output>
        </test-method> <!-- runScenario -->
        <test-method is-config="true" signature="tearDownClass()[pri:0, instance:runner.TestNGRunner@57bc27f5]" started-at="2022-09-24T16:50:36Z" name="tearDownClass" finished-at="2022-09-24T16:50:36Z" duration-ms="58" status="PASS">
          <reporter-output>
          </reporter-output>
        </test-method> <!-- tearDownClass -->
      </class> <!-- runner.TestNGRunner -->
    </test> <!-- Test -->
  </suite> <!-- Suite -->
</testng-results>
